  main.cpp
  Entity.cpp
  GrassBaseState.cpp
  GrassStateMachine.cpp
  GrassStates.cpp
  SheepBaseState.cpp
  SheepStateMachine.cpp
  SheepStates.cpp
  WolfBaseState.cpp
  WolfStates.cpp
  WolfStateMachine.cpp
  Simulation.cpp
  RuntimeConfig.cpp
  StateMachine.cpp
  WindowUtils.cpp
  imgui.cpp
  imgui_demo.cpp
  imgui_draw.cpp
  imgui_tables.cpp
  imgui_widgets.cpp
  Generando código...
  Compilando...
  rlImGui.cpp
  World.cpp
  Generando código...
  S.W.A.G-FSM.vcxproj -> D:\GameDev 2023.1\C++\FSM\S.W.A.G-FSM\bin\x64\Debug\S.W.A.G-FSM.exe
