  main.cpp
  Entity.cpp
  GrassStateMachine.cpp
  GrassStates.cpp
  SheepBaseState.cpp
  SheepStateMachine.cpp
  SheepStates.cpp
  WolfBaseState.cpp
  WolfStates.cpp
  WolfStateMachine.cpp
  Simulation.cpp
  RuntimeConfig.cpp
  StateMachine.cpp
  imgui.cpp
  imgui_demo.cpp
  imgui_draw.cpp
  imgui_tables.cpp
  imgui_widgets.cpp
  rlImGui.cpp
  World.cpp
  Generando código
  Compiler switch has changed, fall back to full compilation.
  All 3277 functions were compiled because no usable IPDB/IOBJ from previous compilation was found.
  Generación de código finalizada
  S.W.A.G-FSM.vcxproj -> D:\GameDev 2023.1\C++\FSM\S.W.A.G-FSM\bin\x64\Release\S.W.A.G-FSM.exe
