  main.cpp
  Entity.cpp
  GrassBaseState.cpp
  GrassStateMachine.cpp
  GrassStates.cpp
  SheepBaseState.cpp
  SheepStateMachine.cpp
  SheepStates.cpp
  WolfBaseState.cpp
  WolfStates.cpp
  WolfStateMachine.cpp
  Simulation.cpp
  RuntimeConfig.cpp
  StateMachine.cpp
  WindowUtils.cpp
  imgui.cpp
  imgui_demo.cpp
  imgui_draw.cpp
  imgui_tables.cpp
  imgui_widgets.cpp
  Compilando...
  rlImGui.cpp
  World.cpp
  Generando código
  Compiler switch has changed, fall back to full compilation.
  All 3284 functions were compiled because no usable IPDB/IOBJ from previous compilation was found.
  Generación de código finalizada
raylib.lib(rcore.obj) : warning LNK4099: no se encontró PDB '' con 'raylib.lib(rcore.obj)' o en ''; se vinculará el objeto sin tener en cuenta información de depuración
raylib.lib(rglfw.obj) : warning LNK4099: no se encontró PDB '' con 'raylib.lib(rglfw.obj)' o en ''; se vinculará el objeto sin tener en cuenta información de depuración
raylib.lib(rshapes.obj) : warning LNK4099: no se encontró PDB '' con 'raylib.lib(rshapes.obj)' o en ''; se vinculará el objeto sin tener en cuenta información de depuración
raylib.lib(rtext.obj) : warning LNK4099: no se encontró PDB '' con 'raylib.lib(rtext.obj)' o en ''; se vinculará el objeto sin tener en cuenta información de depuración
raylib.lib(rtextures.obj) : warning LNK4099: no se encontró PDB '' con 'raylib.lib(rtextures.obj)' o en ''; se vinculará el objeto sin tener en cuenta información de depuración
raylib.lib(utils.obj) : warning LNK4099: no se encontró PDB '' con 'raylib.lib(utils.obj)' o en ''; se vinculará el objeto sin tener en cuenta información de depuración
  S.W.A.G-FSM.vcxproj -> D:\GameDev 2023.1\C++\FSM\S.W.A.G-FSM\bin\Win32\Release\S.W.A.G-FSM.exe
